The system is: Windows - 10.0.19045 - AMD64
Compiling the C compiler identification source file "CMakeCCompilerId.c" succeeded.
Compiler: C:/Program Files/Microsoft Visual Studio/2022/Professional/VC/Tools/MSVC/14.35.32215/bin/Hostx64/x64/cl.exe 
Build flags: 
Id flags:  

The output was:
0
Compilador de optimizaci贸n de C/C++ de Microsoft (R) versi贸n 19.35.32216.1 para x64
(C) Microsoft Corporation. Todos los derechos reservados.

CMakeCCompilerId.c
Microsoft (R) Incremental Linker Version 14.35.32216.1
Copyright (C) Microsoft Corporation.  All rights reserved.

/out:CMakeCCompilerId.exe 
CMakeCCompilerId.obj 


Compilation of the C compiler identification source "CMakeCCompilerId.c" produced "CMakeCCompilerId.exe"

Compilation of the C compiler identification source "CMakeCCompilerId.c" produced "CMakeCCompilerId.obj"

The C compiler identification is MSVC, found in "E:/docs/OneDrive/hobbies/Proyectos/myNeuralNetwork/myNeuralNetwork/out/build/x64-Debug/CMakeFiles/3.25.1-msvc1/CompilerIdC/CMakeCCompilerId.exe"

Compiling the CXX compiler identification source file "CMakeCXXCompilerId.cpp" succeeded.
Compiler: C:/Program Files/Microsoft Visual Studio/2022/Professional/VC/Tools/MSVC/14.35.32215/bin/Hostx64/x64/cl.exe 
Build flags: 
Id flags:  

The output was:
0
Compilador de optimizaci贸n de C/C++ de Microsoft (R) versi贸n 19.35.32216.1 para x64
(C) Microsoft Corporation. Todos los derechos reservados.

CMakeCXXCompilerId.cpp
Microsoft (R) Incremental Linker Version 14.35.32216.1
Copyright (C) Microsoft Corporation.  All rights reserved.

/out:CMakeCXXCompilerId.exe 
CMakeCXXCompilerId.obj 


Compilation of the CXX compiler identification source "CMakeCXXCompilerId.cpp" produced "CMakeCXXCompilerId.exe"

Compilation of the CXX compiler identification source "CMakeCXXCompilerId.cpp" produced "CMakeCXXCompilerId.obj"

The CXX compiler identification is MSVC, found in "E:/docs/OneDrive/hobbies/Proyectos/myNeuralNetwork/myNeuralNetwork/out/build/x64-Debug/CMakeFiles/3.25.1-msvc1/CompilerIdCXX/CMakeCXXCompilerId.exe"

Detecting C compiler ABI info compiled with the following output:
Change Dir: E:/docs/OneDrive/hobbies/Proyectos/myNeuralNetwork/myNeuralNetwork/out/build/x64-Debug/CMakeFiles/CMakeScratch/TryCompile-xcds40

Run Build Command(s):C:/Program Files/Microsoft Visual Studio/2022/Professional/Common7/IDE/CommonExtensions/Microsoft/CMake/Ninja/ninja.exe cmTC_8af32 && [1/2] Building C object CMakeFiles\cmTC_8af32.dir\CMakeCCompilerABI.c.obj
[2/2] Linking C executable cmTC_8af32.exe



Detecting CXX compiler ABI info compiled with the following output:
Change Dir: E:/docs/OneDrive/hobbies/Proyectos/myNeuralNetwork/myNeuralNetwork/out/build/x64-Debug/CMakeFiles/CMakeScratch/TryCompile-m71ope

Run Build Command(s):C:/Program Files/Microsoft Visual Studio/2022/Professional/Common7/IDE/CommonExtensions/Microsoft/CMake/Ninja/ninja.exe cmTC_240e3 && [1/2] Building CXX object CMakeFiles\cmTC_240e3.dir\CMakeCXXCompilerABI.cpp.obj
[2/2] Linking CXX executable cmTC_240e3.exe



Determining if the include file sys/types.h exists passed with the following output:
Change Dir: E:/docs/OneDrive/hobbies/Proyectos/myNeuralNetwork/myNeuralNetwork/out/build/x64-Debug/CMakeFiles/CMakeScratch/TryCompile-gyxqpc

Run Build Command(s):C:/Program Files/Microsoft Visual Studio/2022/Professional/Common7/IDE/CommonExtensions/Microsoft/CMake/Ninja/ninja.exe cmTC_6333c && [1/2] Building C object CMakeFiles\cmTC_6333c.dir\CheckIncludeFile.c.obj
[2/2] Linking C executable cmTC_6333c.exe



Determining if the include file stdint.h exists passed with the following output:
Change Dir: E:/docs/OneDrive/hobbies/Proyectos/myNeuralNetwork/myNeuralNetwork/out/build/x64-Debug/CMakeFiles/CMakeScratch/TryCompile-pi3e59

Run Build Command(s):C:/Program Files/Microsoft Visual Studio/2022/Professional/Common7/IDE/CommonExtensions/Microsoft/CMake/Ninja/ninja.exe cmTC_034c3 && [1/2] Building C object CMakeFiles\cmTC_034c3.dir\CheckIncludeFile.c.obj
[2/2] Linking C executable cmTC_034c3.exe



Determining if the include file stddef.h exists passed with the following output:
Change Dir: E:/docs/OneDrive/hobbies/Proyectos/myNeuralNetwork/myNeuralNetwork/out/build/x64-Debug/CMakeFiles/CMakeScratch/TryCompile-4o2u3h

Run Build Command(s):C:/Program Files/Microsoft Visual Studio/2022/Professional/Common7/IDE/CommonExtensions/Microsoft/CMake/Ninja/ninja.exe cmTC_7ae9d && [1/2] Building C object CMakeFiles\cmTC_7ae9d.dir\CheckIncludeFile.c.obj
[2/2] Linking C executable cmTC_7ae9d.exe



Determining size of void* passed with the following output:
Change Dir: E:/docs/OneDrive/hobbies/Proyectos/myNeuralNetwork/myNeuralNetwork/out/build/x64-Debug/CMakeFiles/CMakeScratch/TryCompile-emwnuy

Run Build Command(s):C:/Program Files/Microsoft Visual Studio/2022/Professional/Common7/IDE/CommonExtensions/Microsoft/CMake/Ninja/ninja.exe cmTC_9f325 && [1/2] Building C object CMakeFiles\cmTC_9f325.dir\SIZEOF_VOID_PTR.c.obj
[2/2] Linking C executable cmTC_9f325.exe



